<?xml version="1.0" encoding="UTF-8"?>
<testsuite xmlns:xsi="http://www.w3.org/2001/XMLSchema-instance" xsi:noNamespaceSchemaLocation="https://maven.apache.org/surefire/maven-surefire-plugin/xsd/surefire-test-report.xsd" name="RestAssuredGetAllureTest" time="0.464" tests="3" errors="0" skipped="0" failures="0">
  <properties>
[...]
</properties>
  <testcase name="checkUserName" classname="RestAssuredGetAllureTest" time="0.212"/>
  <testcase name="checkUserNameAndPrintResponseBody" classname="RestAssuredGetAllureTest" time="0.133"/>
  <testcase name="getMyInfoStatusCode" classname="RestAssuredGetAllureTest" time="0.111"/>
</testsuite>